15:02:29.073 [JavaFX Application Thread] DEBUG GameApplication      - Logger initialized
15:02:29.097 [JavaFX Application Thread] DEBUG GameApplication      - Logging settings
Title: Tower Defense
Version: 0,1
Width: 1600
Height: 900
Fullscreen: false
Intro: false
Menus: false
Profiling: false
Single step:false
App Mode: DEVELOPER
Menu Key: ESCAPE
Stage Style: DECORATED
Scene Factory: class com.almasb.fxgl.scene.SceneFactory
Dialog Factory: class com.almasb.fxgl.ui.FXGLDialogFactory
UI Factory: class com.almasb.fxgl.ui.FXGLUIFactory
Notification Service: class com.almasb.fxgl.gameplay.notification.XboxNotificationView
Exception Handler: class com.almasb.fxgl.app.FXGLExceptionHandler
15:02:29.097 [JavaFX Application Thread] DEBUG GameApplication      - Starting FXGL
15:02:29.140 [JavaFX Application Thread] INFO  FXGL                 - FXGL-0.5.4 on DESKTOP
15:02:29.140 [JavaFX Application Thread] INFO  FXGL                 - Source code and latest versions at: https://github.com/AlmasB/FXGL
15:02:29.140 [JavaFX Application Thread] INFO  FXGL                 -              Join the FXGL chat at: https://gitter.im/AlmasB/FXGL
15:02:29.141 [JavaFX Application Thread] DEBUG FXGL                 - FXGL started
15:02:29.141 [JavaFX Application Thread] DEBUG FXGL                 - Initializing FXGL
15:02:29.392 [JavaFX Application Thread] DEBUG AssetLoader          - Loading from disk: /assets/ui/cursors/fxgl_default.png
15:02:29.556 [JavaFX Application Thread] DEBUG AssetLoader          - Loading from disk: /assets/ui/fonts/VarelaRound-Regular.ttf
15:02:29.894 [JavaFX Application Thread] DEBUG MainWindow           - Creating a JavaFX scene
15:02:29.943 [JavaFX Application Thread] DEBUG MainWindow           - Target settings size: 1600.0 x 900.0
15:02:29.944 [JavaFX Application Thread] DEBUG MainWindow           - Scaled scene size:    1600.0 x 900.0
15:02:29.944 [JavaFX Application Thread] DEBUG MainWindow           - Scaled ratio: (1.0, 1.0)
15:02:29.947 [JavaFX Application Thread] DEBUG AssetLoader          - Loading from disk: /assets/ui/css/fxgl_dark.css
15:02:29.956 [JavaFX Application Thread] DEBUG AssetLoader          - Loading from disk: /assets/textures/fxgl_icon.png
15:02:29.980 [JavaFX Application Thread] DEBUG MainWindow           - Opening main window
15:02:30.799 [JavaFX Application Thread] DEBUG MainWindow           - Window border size: (6.0, 35.0)
15:02:30.800 [JavaFX Application Thread] DEBUG MainWindow           - Scaled size: 1600.0 x 900.0
15:02:30.800 [JavaFX Application Thread] DEBUG MainWindow           - Scaled ratio: (1.0, 1.0)
15:02:30.800 [JavaFX Application Thread] DEBUG MainWindow           - Scene size: 1600.0 x 900.0
15:02:30.800 [JavaFX Application Thread] DEBUG MainWindow           - Stage size: 1606.0 x 935.0
15:02:30.936 [ForkJoinPool.commonPool-worker-1] DEBUG FS                   - Loaded DesktopFSService
15:02:30.946 [ForkJoinPool.commonPool-worker-1] DEBUG FXGL                 - Loading default FXGL system data
15:02:30.966 [ForkJoinPool.commonPool-worker-1] DEBUG FXGL                 - Initializing state machine and application states
15:02:31.003 [ForkJoinPool.commonPool-worker-2] DEBUG UpdaterTask          - Checking for updates
15:02:31.003 [ForkJoinPool.commonPool-worker-1] DEBUG AssetLoader          - Loading from disk: /assets/ui/cursors/fxgl_default.png
15:02:31.071 [ForkJoinPool.commonPool-worker-1] DEBUG AssetLoader          - Loading from disk: /assets/ui/cursors/fxgl_default.png
15:02:31.128 [ForkJoinPool.commonPool-worker-1] DEBUG AssetLoader          - Loading from cache: /assets/ui/fonts/VarelaRound-Regular.ttf
15:02:31.220 [ForkJoinPool.commonPool-worker-1] DEBUG AssetLoader          - Loading from disk: /assets/ui/cursors/fxgl_default.png
15:02:31.363 [ForkJoinPool.commonPool-worker-1] DEBUG GameScene            - Game scene initialized: 1600x900
15:02:31.461 [ForkJoinPool.commonPool-worker-1] DEBUG GameWorld            - Game world initialized
15:02:31.762 [ForkJoinPool.commonPool-worker-1] DEBUG PhysicsWorld         - Physics world initialized: appHeight=900, physics.ppm=50,0
15:02:31.773 [ForkJoinPool.commonPool-worker-1] DEBUG Input                - Registered new binding: Pause - Esc
15:02:32.030 [JavaFX Application Thread] DEBUG FXGL                 - Running preInit()
15:02:32.057 [JavaFX Application Thread] DEBUG Input                - Registered new binding: Screenshot - P
15:02:32.057 [JavaFX Application Thread] DEBUG Input                - Registered new binding: Dev Options - CTRL+0
15:02:32.057 [JavaFX Application Thread] DEBUG Input                - Registered new binding: System info dump - CTRL+9
15:02:32.058 [JavaFX Application Thread] DEBUG Input                - Registered new binding: Restart - CTRL+R
15:02:32.063 [JavaFX Application Thread] INFO  FXGL                 - FXGL initialization took: 2,922 sec
15:02:32.063 [JavaFX Application Thread] DEBUG LoopRunner           - Starting loop
15:02:32.065 [JavaFX Application Thread] DEBUG StartupState         - STARTUP
15:02:32.065 [JavaFX Application Thread] DEBUG GameApplication      - Starting new game
15:02:32.065 [JavaFX Application Thread] DEBUG Input                - Clearing active input actions
15:02:32.066 [JavaFX Application Thread] DEBUG AssetLoader          - Loading from disk: /assets/ui/css/fxgl_dark.css
15:02:32.073 [JavaFX Application Thread] DEBUG AppStateMachine      - StartupState -> LoadingState
15:02:32.078 [FXGL Background Thread 1 ] DEBUG InitAppTask          - Clearing previous game
15:02:32.078 [FXGL Background Thread 1 ] DEBUG GameWorld            - Clearing game world
15:02:32.078 [FXGL Background Thread 1 ] DEBUG PhysicsWorld         - Clearing physics world
15:02:32.079 [FXGL Background Thread 1 ] DEBUG GameScene            - Clearing game scene
15:02:32.080 [FXGL Background Thread 1 ] DEBUG InitAppTask          - Initializing Game
15:02:32.297 [FXGL Background Thread 1 ] DEBUG InitAppTask          - Initializing Physics
15:02:32.297 [FXGL Background Thread 1 ] DEBUG InitAppTask          - Initializing UI
15:02:32.297 [FXGL Background Thread 1 ] DEBUG InitAppTask          - Initialization Complete
15:02:32.297 [FXGL Background Thread 1 ] INFO  InitAppTask          - Game initialization took: 0,219 sec
15:02:32.382 [JavaFX Application Thread] DEBUG Input                - Clearing active input actions
15:02:32.382 [JavaFX Application Thread] DEBUG AssetLoader          - Loading from disk: /assets/ui/css/fxgl_dark.css
15:02:32.387 [JavaFX Application Thread] DEBUG AppStateMachine      - LoadingState -> PlayState
15:02:36.443 [JavaFX Application Thread] DEBUG FXGL                 - Exiting FXGL
15:02:36.444 [JavaFX Application Thread] DEBUG FXGL                 - Shutting down background threads
15:02:36.444 [JavaFX Application Thread] DEBUG FXGL                 - Saving FXGL system data
15:02:36.484 [JavaFX Application Thread] DEBUG DesktopFSService     - Writing to: system\fxgl.bundle
15:02:36.505 [JavaFX Application Thread] DEBUG FXGL                 - Closing logger and exiting JavaFX
